# JRE version: Java(TM) SE Runtime Environment (8.0_45-b14) (build 1.8.0_45-b14)
# Java VM: Java HotSpot(TM) 64-Bit Server VM (25.45-b02 mixed mode bsd-amd64 compressed oops)
Heap:
 PSYoungGen      total 202752K, used 11846K [0x00000007aab00000, 0x00000007bba00000, 0x00000007c0000000)
  eden space 192512K, 6% used [0x00000007aab00000,0x00000007ab691808,0x00000007b6700000)
  from space 10240K, 0% used [0x00000007b6700000,0x00000007b6700000,0x00000007b7100000)
  to   space 9728K, 0% used [0x00000007bb080000,0x00000007bb080000,0x00000007bba00000)
 ParOldGen       total 52224K, used 19934K [0x0000000780000000, 0x0000000783300000, 0x00000007aab00000)
  object space 52224K, 38% used [0x0000000780000000,0x0000000781377ad0,0x0000000783300000)
 Metaspace       used 35132K, capacity 35462K, committed 35928K, reserved 1081344K
  class space    used 3105K, capacity 3219K, committed 3328K, reserved 1048576K
GC Heap History (10 events):
Event: 343.481 GC heap before
{Heap before GC invocations=15 (full 2):
 PSYoungGen      total 182784K, used 320K [0x00000007aab00000, 0x00000007b7c80000, 0x00000007c0000000)
  eden space 182272K, 0% used [0x00000007aab00000,0x00000007aab00000,0x00000007b5d00000)
  from space 512K, 62% used [0x00000007b6c80000,0x00000007b6cd0000,0x00000007b6d00000)
  to   space 9216K, 0% used [0x00000007b7380000,0x00000007b7380000,0x00000007b7c80000)
 ParOldGen       total 46080K, used 22238K [0x0000000780000000, 0x0000000782d00000, 0x00000007aab00000)
  object space 46080K, 48% used [0x0000000780000000,0x00000007815b7840,0x0000000782d00000)
 Metaspace       used 34856K, capacity 35152K, committed 35416K, reserved 1081344K
  class space    used 3108K, capacity 3224K, committed 3328K, reserved 1048576K
Event: 343.525 GC heap after
Heap after GC invocations=15 (full 2):
 PSYoungGen      total 182784K, used 0K [0x00000007aab00000, 0x00000007b7c80000, 0x00000007c0000000)
  eden space 182272K, 0% used [0x00000007aab00000,0x00000007aab00000,0x00000007b5d00000)
  from space 512K, 0% used [0x00000007b6c80000,0x00000007b6c80000,0x00000007b6d00000)
  to   space 9216K, 0% used [0x00000007b7380000,0x00000007b7380000,0x00000007b7c80000)
 ParOldGen       total 46080K, used 22442K [0x0000000780000000, 0x0000000782d00000, 0x00000007aab00000)
  object space 46080K, 48% used [0x0000000780000000,0x00000007815ea800,0x0000000782d00000)
 Metaspace       used 34856K, capacity 35152K, committed 35416K, reserved 1081344K
  class space    used 3108K, capacity 3224K, committed 3328K, reserved 1048576K
}
Event: 2201.462 GC heap before
{Heap before GC invocations=16 (full 2):
 PSYoungGen      total 182784K, used 108104K [0x00000007aab00000, 0x00000007b7c80000, 0x00000007c0000000)
  eden space 182272K, 59% used [0x00000007aab00000,0x00000007b1492350,0x00000007b5d00000)
  from space 512K, 0% used [0x00000007b6c80000,0x00000007b6c80000,0x00000007b6d00000)
  to   space 9216K, 0% used [0x00000007b7380000,0x00000007b7380000,0x00000007b7c80000)
 ParOldGen       total 46080K, used 22442K [0x0000000780000000, 0x0000000782d00000, 0x00000007aab00000)
  object space 46080K, 48% used [0x0000000780000000,0x00000007815ea800,0x0000000782d00000)
 Metaspace       used 35137K, capacity 35472K, committed 35928K, reserved 1081344K
  class space    used 3108K, capacity 3224K, committed 3328K, reserved 1048576K
Event: 2201.716 GC heap after
Heap after GC invocations=16 (full 2):
 PSYoungGen      total 181760K, used 7662K [0x00000007aab00000, 0x00000007b7b00000, 0x00000007c0000000)
  eden space 174080K, 0% used [0x00000007aab00000,0x00000007aab00000,0x00000007b5500000)
  from space 7680K, 99% used [0x00000007b7380000,0x00000007b7afb898,0x00000007b7b00000)
  to   space 10240K, 0% used [0x00000007b6700000,0x00000007b6700000,0x00000007b7100000)
 ParOldGen       total 46080K, used 22450K [0x0000000780000000, 0x0000000782d00000, 0x00000007aab00000)
  object space 46080K, 48% used [0x0000000780000000,0x00000007815ec800,0x0000000782d00000)
 Metaspace       used 35137K, capacity 35472K, committed 35928K, reserved 1081344K
  class space    used 3108K, capacity 3224K, committed 3328K, reserved 1048576K
}
Event: 2201.717 GC heap before
{Heap before GC invocations=17 (full 3):
 PSYoungGen      total 181760K, used 7662K [0x00000007aab00000, 0x00000007b7b00000, 0x00000007c0000000)
  eden space 174080K, 0% used [0x00000007aab00000,0x00000007aab00000,0x00000007b5500000)
  from space 7680K, 99% used [0x00000007b7380000,0x00000007b7afb898,0x00000007b7b00000)
  to   space 10240K, 0% used [0x00000007b6700000,0x00000007b6700000,0x00000007b7100000)
 ParOldGen       total 46080K, used 22450K [0x0000000780000000, 0x0000000782d00000, 0x00000007aab00000)
  object space 46080K, 48% used [0x0000000780000000,0x00000007815ec800,0x0000000782d00000)
 Metaspace       used 35137K, capacity 35472K, committed 35928K, reserved 1081344K
  class space    used 3108K, capacity 3224K, committed 3328K, reserved 1048576K
Event: 2202.013 GC heap after
Heap after GC invocations=17 (full 3):
 PSYoungGen      total 181760K, used 0K [0x00000007aab00000, 0x00000007b7b00000, 0x00000007c0000000)
  eden space 174080K, 0% used [0x00000007aab00000,0x00000007aab00000,0x00000007b5500000)
  from space 7680K, 0% used [0x00000007b7380000,0x00000007b7380000,0x00000007b7b00000)
  to   space 10240K, 0% used [0x00000007b6700000,0x00000007b6700000,0x00000007b7100000)
 ParOldGen       total 43008K, used 19251K [0x0000000780000000, 0x0000000782a00000, 0x00000007aab00000)
  object space 43008K, 44% used [0x0000000780000000,0x00000007812ccd88,0x0000000782a00000)
 Metaspace       used 35131K, capacity 35462K, committed 35928K, reserved 1081344K
  class space    used 3105K, capacity 3219K, committed 3328K, reserved 1048576K
}
Event: 2202.593 GC heap before
{Heap before GC invocations=18 (full 3):
 PSYoungGen      total 181760K, used 15407K [0x00000007aab00000, 0x00000007b7b00000, 0x00000007c0000000)
  eden space 174080K, 8% used [0x00000007aab00000,0x00000007aba0bd20,0x00000007b5500000)
  from space 7680K, 0% used [0x00000007b7380000,0x00000007b7380000,0x00000007b7b00000)
  to   space 10240K, 0% used [0x00000007b6700000,0x00000007b6700000,0x00000007b7100000)
 ParOldGen       total 43008K, used 19251K [0x0000000780000000, 0x0000000782a00000, 0x00000007aab00000)
  object space 43008K, 44% used [0x0000000780000000,0x00000007812ccd88,0x0000000782a00000)
 Metaspace       used 35132K, capacity 35462K, committed 35928K, reserved 1081344K
  class space    used 3105K, capacity 3219K, committed 3328K, reserved 1048576K
Event: 2202.617 GC heap after
Heap after GC invocations=18 (full 3):
 PSYoungGen      total 202752K, used 2592K [0x00000007aab00000, 0x00000007bba00000, 0x00000007c0000000)
  eden space 192512K, 0% used [0x00000007aab00000,0x00000007aab00000,0x00000007b6700000)
  from space 10240K, 25% used [0x00000007b6700000,0x00000007b69880a0,0x00000007b7100000)
  to   space 9728K, 0% used [0x00000007bb080000,0x00000007bb080000,0x00000007bba00000)
 ParOldGen       total 43008K, used 19251K [0x0000000780000000, 0x0000000782a00000, 0x00000007aab00000)
  object space 43008K, 44% used [0x0000000780000000,0x00000007812ccd88,0x0000000782a00000)
 Metaspace       used 35132K, capacity 35462K, committed 35928K, reserved 1081344K
  class space    used 3105K, capacity 3219K, committed 3328K, reserved 1048576K
}
Event: 2202.617 GC heap before
{Heap before GC invocations=19 (full 4):
 PSYoungGen      total 202752K, used 2592K [0x00000007aab00000, 0x00000007bba00000, 0x00000007c0000000)
  eden space 192512K, 0% used [0x00000007aab00000,0x00000007aab00000,0x00000007b6700000)
  from space 10240K, 25% used [0x00000007b6700000,0x00000007b69880a0,0x00000007b7100000)
  to   space 9728K, 0% used [0x00000007bb080000,0x00000007bb080000,0x00000007bba00000)
 ParOldGen       total 43008K, used 19251K [0x0000000780000000, 0x0000000782a00000, 0x00000007aab00000)
  object space 43008K, 44% used [0x0000000780000000,0x00000007812ccd88,0x0000000782a00000)
 Metaspace       used 35132K, capacity 35462K, committed 35928K, reserved 1081344K
  class space    used 3105K, capacity 3219K, committed 3328K, reserved 1048576K
Event: 2202.759 GC heap after
Heap after GC invocations=19 (full 4):
 PSYoungGen      total 202752K, used 0K [0x00000007aab00000, 0x00000007bba00000, 0x00000007c0000000)
  eden space 192512K, 0% used [0x00000007aab00000,0x00000007aab00000,0x00000007b6700000)
  from space 10240K, 0% used [0x00000007b6700000,0x00000007b6700000,0x00000007b7100000)
  to   space 9728K, 0% used [0x00000007bb080000,0x00000007bb080000,0x00000007bba00000)
 ParOldGen       total 52224K, used 19934K [0x0000000780000000, 0x0000000783300000, 0x00000007aab00000)
  object space 52224K, 38% used [0x0000000780000000,0x0000000781377ad0,0x0000000783300000)
 Metaspace       used 35132K, capacity 35462K, committed 35928K, reserved 1081344K
  class space    used 3105K, capacity 3219K, committed 3328K, reserved 1048576K
}

